2018-11-27 00:06:46.994  INFO 11872 --- [pool-1-thread-1] c.q.mall.admin.web.AdminOrderController  : 系统开启任务检查订单是否已经超期自动取消订单
2018-11-27 00:36:47.033  INFO 11872 --- [pool-1-thread-1] c.q.mall.admin.web.AdminOrderController  : 系统开启任务检查订单是否已经超期自动取消订单
2018-11-27 01:06:47.039  INFO 11872 --- [pool-1-thread-1] c.q.mall.admin.web.AdminOrderController  : 系统开启任务检查订单是否已经超期自动取消订单
2018-11-27 01:36:47.044  INFO 11872 --- [pool-1-thread-1] c.q.mall.admin.web.AdminOrderController  : 系统开启任务检查订单是否已经超期自动取消订单
2018-11-27 02:06:47.050  INFO 11872 --- [pool-1-thread-1] c.q.mall.admin.web.AdminOrderController  : 系统开启任务检查订单是否已经超期自动取消订单
2018-11-27 02:36:47.052  INFO 11872 --- [pool-1-thread-1] c.q.mall.admin.web.AdminOrderController  : 系统开启任务检查订单是否已经超期自动取消订单
2018-11-27 03:00:00.002  INFO 11872 --- [pool-1-thread-1] c.q.mall.admin.web.AdminOrderController  : 系统开启任务检查订单是否已经超期自动确认收货
2018-11-27 03:06:47.055  INFO 11872 --- [pool-1-thread-1] c.q.mall.admin.web.AdminOrderController  : 系统开启任务检查订单是否已经超期自动取消订单
2018-11-27 03:36:47.060  INFO 11872 --- [pool-1-thread-1] c.q.mall.admin.web.AdminOrderController  : 系统开启任务检查订单是否已经超期自动取消订单
2018-11-27 04:00:00.001  INFO 11872 --- [pool-1-thread-1] c.q.mall.admin.web.AdminOrderController  : 系统开启任务检查订单是否已经超期未评价
2018-11-27 04:06:47.065  INFO 11872 --- [pool-1-thread-1] c.q.mall.admin.web.AdminOrderController  : 系统开启任务检查订单是否已经超期自动取消订单
2018-11-27 04:36:47.069  INFO 11872 --- [pool-1-thread-1] c.q.mall.admin.web.AdminOrderController  : 系统开启任务检查订单是否已经超期自动取消订单
2018-11-27 05:06:47.074  INFO 11872 --- [pool-1-thread-1] c.q.mall.admin.web.AdminOrderController  : 系统开启任务检查订单是否已经超期自动取消订单
2018-11-27 05:36:47.076  INFO 11872 --- [pool-1-thread-1] c.q.mall.admin.web.AdminOrderController  : 系统开启任务检查订单是否已经超期自动取消订单
2018-11-27 06:06:47.082  INFO 11872 --- [pool-1-thread-1] c.q.mall.admin.web.AdminOrderController  : 系统开启任务检查订单是否已经超期自动取消订单
2018-11-27 06:36:47.084  INFO 11872 --- [pool-1-thread-1] c.q.mall.admin.web.AdminOrderController  : 系统开启任务检查订单是否已经超期自动取消订单
2018-11-27 07:06:47.089  INFO 11872 --- [pool-1-thread-1] c.q.mall.admin.web.AdminOrderController  : 系统开启任务检查订单是否已经超期自动取消订单
2018-11-27 07:36:47.093  INFO 11872 --- [pool-1-thread-1] c.q.mall.admin.web.AdminOrderController  : 系统开启任务检查订单是否已经超期自动取消订单
2018-11-27 08:06:47.097  INFO 11872 --- [pool-1-thread-1] c.q.mall.admin.web.AdminOrderController  : 系统开启任务检查订单是否已经超期自动取消订单
2018-11-27 08:36:47.102  INFO 11872 --- [pool-1-thread-1] c.q.mall.admin.web.AdminOrderController  : 系统开启任务检查订单是否已经超期自动取消订单
2018-11-27 09:06:47.108  INFO 11872 --- [pool-1-thread-1] c.q.mall.admin.web.AdminOrderController  : 系统开启任务检查订单是否已经超期自动取消订单
2018-11-27 09:36:47.111  INFO 11872 --- [pool-1-thread-1] c.q.mall.admin.web.AdminOrderController  : 系统开启任务检查订单是否已经超期自动取消订单
2018-11-27 10:06:47.113  INFO 11872 --- [pool-1-thread-1] c.q.mall.admin.web.AdminOrderController  : 系统开启任务检查订单是否已经超期自动取消订单
2018-11-27 10:22:55.205  INFO 16080 --- [restartedMain] com.qutalk.mall.Application              : Starting Application on js180625zx with PID 16080 (D:\git\others\qutalk-mall\server\qutalkmall-all\target\classes started by js in D:\git\others\qutalk-mall\server)
2018-11-27 10:22:55.207  INFO 16080 --- [restartedMain] com.qutalk.mall.Application              : The following profiles are active: db,core,admin,wx
2018-11-27 10:23:04.824  INFO 16080 --- [restartedMain] com.qutalk.mall.Application              : Started Application in 11.381 seconds (JVM running for 13.16)
2018-11-27 10:23:04.843  INFO 16080 --- [pool-1-thread-1] c.q.mall.admin.web.AdminOrderController  : 系统开启任务检查订单是否已经超期自动取消订单
2018-11-27 10:53:04.888  INFO 16080 --- [pool-1-thread-1] c.q.mall.admin.web.AdminOrderController  : 系统开启任务检查订单是否已经超期自动取消订单
2018-11-27 11:23:04.891  INFO 16080 --- [pool-1-thread-1] c.q.mall.admin.web.AdminOrderController  : 系统开启任务检查订单是否已经超期自动取消订单
2018-11-27 11:53:04.894  INFO 16080 --- [pool-1-thread-1] c.q.mall.admin.web.AdminOrderController  : 系统开启任务检查订单是否已经超期自动取消订单
2018-11-27 12:23:04.902  INFO 16080 --- [pool-1-thread-1] c.q.mall.admin.web.AdminOrderController  : 系统开启任务检查订单是否已经超期自动取消订单
2018-11-27 12:53:04.908  INFO 16080 --- [pool-1-thread-1] c.q.mall.admin.web.AdminOrderController  : 系统开启任务检查订单是否已经超期自动取消订单
2018-11-27 13:23:04.914  INFO 16080 --- [pool-1-thread-1] c.q.mall.admin.web.AdminOrderController  : 系统开启任务检查订单是否已经超期自动取消订单
2018-11-27 13:53:04.942  INFO 16080 --- [pool-1-thread-1] c.q.mall.admin.web.AdminOrderController  : 系统开启任务检查订单是否已经超期自动取消订单
2018-11-27 14:23:04.953  INFO 16080 --- [pool-1-thread-1] c.q.mall.admin.web.AdminOrderController  : 系统开启任务检查订单是否已经超期自动取消订单
2018-11-27 14:53:04.957  INFO 16080 --- [pool-1-thread-1] c.q.mall.admin.web.AdminOrderController  : 系统开启任务检查订单是否已经超期自动取消订单
2018-11-27 15:23:04.962  INFO 16080 --- [pool-1-thread-1] c.q.mall.admin.web.AdminOrderController  : 系统开启任务检查订单是否已经超期自动取消订单
2018-11-27 15:53:04.966  INFO 16080 --- [pool-1-thread-1] c.q.mall.admin.web.AdminOrderController  : 系统开启任务检查订单是否已经超期自动取消订单
2018-11-27 16:23:04.978  INFO 16080 --- [pool-1-thread-1] c.q.mall.admin.web.AdminOrderController  : 系统开启任务检查订单是否已经超期自动取消订单
2018-11-27 16:53:04.987  INFO 16080 --- [pool-1-thread-1] c.q.mall.admin.web.AdminOrderController  : 系统开启任务检查订单是否已经超期自动取消订单
2018-11-27 17:14:15.064  INFO 9516 --- [restartedMain] com.qutalk.mall.Application              : Starting Application on js180625zx with PID 9516 (D:\git\others\qutalk-mall\server\qutalkmall-all\target\classes started by js in D:\git\others\qutalk-mall\server)
2018-11-27 17:14:15.065  INFO 9516 --- [restartedMain] com.qutalk.mall.Application              : The following profiles are active: db,core,admin,wx
2018-11-27 17:14:31.534  INFO 9516 --- [restartedMain] com.qutalk.mall.Application              : Started Application in 17.536 seconds (JVM running for 21.498)
2018-11-27 17:14:32.148  INFO 9516 --- [pool-1-thread-1] c.q.mall.admin.web.AdminOrderController  : 系统开启任务检查订单是否已经超期自动取消订单
2018-11-27 17:17:26.347  INFO 7592 --- [restartedMain] com.qutalk.mall.Application              : Starting Application on js180625zx with PID 7592 (D:\git\others\qutalk-mall\server\qutalkmall-all\target\classes started by js in D:\git\others\qutalk-mall\server)
2018-11-27 17:17:26.368  INFO 7592 --- [restartedMain] com.qutalk.mall.Application              : The following profiles are active: db,core,admin,wx
2018-11-27 17:17:33.738  INFO 7592 --- [restartedMain] com.qutalk.mall.Application              : Started Application in 8.44 seconds (JVM running for 10.565)
2018-11-27 17:17:33.763  INFO 7592 --- [pool-1-thread-1] c.q.mall.admin.web.AdminOrderController  : 系统开启任务检查订单是否已经超期自动取消订单
2018-11-27 17:26:23.706  INFO 11580 --- [restartedMain] com.qutalk.mall.Application              : Starting Application on js180625zx with PID 11580 (D:\git\others\qutalk-mall\server\qutalkmall-all\target\classes started by js in D:\git\others\qutalk-mall\server)
2018-11-27 17:26:23.707  INFO 11580 --- [restartedMain] com.qutalk.mall.Application              : The following profiles are active: db,core,admin,wx
2018-11-27 17:26:29.732  INFO 11580 --- [restartedMain] com.qutalk.mall.Application              : Started Application in 6.681 seconds (JVM running for 8.268)
2018-11-27 17:26:29.751  INFO 11580 --- [pool-1-thread-1] c.q.mall.admin.web.AdminOrderController  : 系统开启任务检查订单是否已经超期自动取消订单
